<?xml version="1.0" encoding="UTF-8"?>
<testng-results total="1" passed="1" failed="0" skipped="0">
  <reporter-output>
  </reporter-output>
  <suite started-at="2020-06-06T18:42:21Z" name="Default suite" finished-at="2020-06-06T18:42:24Z" duration-ms="3302">
    <groups>
    </groups>
    <test started-at="2020-06-06T18:42:21Z" name="Default test" finished-at="2020-06-06T18:42:24Z" duration-ms="3302">
      <class name="test.jpet.AppTest">
        <test-method is-config="true" signature="prepare()[pri:0, instance:test.jpet.AppTest@1fde5d22]" started-at="2020-06-06T18:42:21Z" name="prepare" finished-at="2020-06-06T18:42:24Z" duration-ms="3104" status="PASS">
        </test-method> <!-- prepare -->
        <test-method signature="testApp()[pri:0, instance:test.jpet.AppTest@1fde5d22]" started-at="2020-06-06T18:42:24Z" name="testApp" finished-at="2020-06-06T18:42:24Z" duration-ms="24" status="PASS">
        </test-method> <!-- testApp -->
        <test-method is-config="true" signature="completed()[pri:0, instance:test.jpet.AppTest@1fde5d22]" started-at="2020-06-06T18:42:24Z" name="completed" finished-at="2020-06-06T18:42:24Z" duration-ms="149" status="PASS">
        </test-method> <!-- completed -->
      </class> <!-- test.jpet.AppTest -->
    </test> <!-- Default test -->
  </suite> <!-- Default suite -->
</testng-results>
